-- program.ProgramInternalForm --
num       (-1, -1)
y         (1, 0)
.         (-1, -1)
listen    (-1, -1)
(         (-1, -1)
y         (1, 0)
)         (-1, -1)
.         (-1, -1)
num       (-1, -1)
x         (0, 0)
.         (-1, -1)
listen    (-1, -1)
(         (-1, -1)
x         (0, 0)
)         (-1, -1)
.         (-1, -1)
num       (-1, -1)
z         (2, 0)
.         (-1, -1)
listen    (-1, -1)
(         (-1, -1)
z         (2, 0)
)         (-1, -1)
.         (-1, -1)
num       (-1, -1)
maxim     (0, 1)
=         (-1, -1)
maybe     (-1, -1)
x         (0, 0)
>         (-1, -1)
y         (1, 0)
then      (-1, -1)
x         (0, 0)
whatever  (-1, -1)
y         (1, 0)
.         (-1, -1)
maxim     (0, 1)
=         (-1, -1)
maybe     (-1, -1)
maxim     (0, 1)
>         (-1, -1)
z         (2, 0)
then      (-1, -1)
maxim     (0, 1)
whatever  (-1, -1)
z         (2, 0)
.         (-1, -1)
speak     (-1, -1)
(         (-1, -1)
maxim     (0, 1)
)         (-1, -1)
.         (-1, -1)
num       (-1, -1)
nr        (4, 0)
.         (-1, -1)
listen    (-1, -1)
(         (-1, -1)
nr        (4, 0)
)         (-1, -1)
.         (-1, -1)
bool      (-1, -1)
isPrime   (9, 0)
=         (-1, -1)
yea       (9, 1)
.         (-1, -1)
cond      (-1, -1)
nr        (4, 0)
<         (-1, -1)
2         (0, 2)
:         (-1, -1)
isPrime   (9, 0)
=         (-1, -1)
nah       (1, 1)
.         (-1, -1)
orcond    (-1, -1)
nr        (4, 0)
>         (-1, -1)
2         (0, 2)
:         (-1, -1)
num       (-1, -1)
half      (1, 2)
=         (-1, -1)
nr        (4, 0)
/         (-1, -1)
2         (0, 2)
.         (-1, -1)
seq       (-1, -1)
i         (5, 0)
from      (-1, -1)
1         (9, 2)
to        (-1, -1)
half      (1, 2)
with      (-1, -1)
i         (5, 0)
=         (-1, -1)
i         (5, 0)
+         (-1, -1)
1         (9, 2)
:         (-1, -1)
cond      (-1, -1)
nr        (4, 0)
%         (-1, -1)
i         (5, 0)
==        (-1, -1)
0         (8, 0)
:         (-1, -1)
isPrime   (9, 0)
=         (-1, -1)
nah       (1, 1)
.         (-1, -1)
kick      (-1, -1)
.         (-1, -1)
end       (-1, -1)
.         (-1, -1)
end       (-1, -1)
.         (-1, -1)
end       (-1, -1)
.         (-1, -1)
speak     (-1, -1)
(         (-1, -1)
isPrime   (9, 0)
)         (-1, -1)
.         (-1, -1)
--------------
